<?xml version="1.0" encoding="UTF-8" ?>
<testsuite failures="0" time="0.043" errors="0" skipped="0" tests="9" name="rock.paper.scissors.model.CompareAllEventsTest">
  <properties>
[...]
</properties>
  <testcase time="0.002" classname="rock.paper.scissors.model.CompareAllEventsTest" name="testRockDrawsRockAllEventsOutcomes[0]"/>
  <testcase time="0" classname="rock.paper.scissors.model.CompareAllEventsTest" name="testRockDrawsRockAllEventsOutcomes[1]"/>
  <testcase time="0.001" classname="rock.paper.scissors.model.CompareAllEventsTest" name="testRockDrawsRockAllEventsOutcomes[2]"/>
  <testcase time="0" classname="rock.paper.scissors.model.CompareAllEventsTest" name="testRockDrawsRockAllEventsOutcomes[3]"/>
  <testcase time="0" classname="rock.paper.scissors.model.CompareAllEventsTest" name="testRockDrawsRockAllEventsOutcomes[4]"/>
  <testcase time="0" classname="rock.paper.scissors.model.CompareAllEventsTest" name="testRockDrawsRockAllEventsOutcomes[5]"/>
  <testcase time="0" classname="rock.paper.scissors.model.CompareAllEventsTest" name="testRockDrawsRockAllEventsOutcomes[6]"/>
  <testcase time="0" classname="rock.paper.scissors.model.CompareAllEventsTest" name="testRockDrawsRockAllEventsOutcomes[7]"/>
  <testcase time="0" classname="rock.paper.scissors.model.CompareAllEventsTest" name="testRockDrawsRockAllEventsOutcomes[8]"/>
</testsuite>